{"uid":"5a18f7519e11a83c","name":"test_login","fullName":"sprint-1.Automata_tesztek.test_automated.TestWebShop#test_login","historyId":"ac42064e75df168080abc4f31800e340","time":{"start":1761395197723,"stop":1761395319426,"duration":121703},"status":"broken","statusMessage":"selenium.common.exceptions.TimeoutException: Message: \nStacktrace:\n#0 0x55f8ed2e2fba <unknown>\n#1 0x55f8ecd676d0 <unknown>\n#2 0x55f8ecdb92aa <unknown>\n#3 0x55f8ecdb9541 <unknown>\n#4 0x55f8ece076c4 <unknown>\n#5 0x55f8ecddee5d <unknown>\n#6 0x55f8ece04b54 <unknown>\n#7 0x55f8ecddec03 <unknown>\n#8 0x55f8ecdab7a8 <unknown>\n#9 0x55f8ecdac421 <unknown>\n#10 0x55f8ed2a7b28 <unknown>\n#11 0x55f8ed2ab87f <unknown>\n#12 0x55f8ed28fc49 <unknown>\n#13 0x55f8ed2ac405 <unknown>\n#14 0x55f8ed2754ff <unknown>\n#15 0x55f8ed2d0258 <unknown>\n#16 0x55f8ed2d0432 <unknown>\n#17 0x55f8ed2e1fa3 <unknown>\n#18 0x7f715809caa4 <unknown>\n#19 0x7f7158129c6c <unknown>","statusTrace":"self = <test_automated.TestWebShop object at 0x7f36c8f30400>\n\n    def test_login(self):\n        self.page.login_process('forlogin', 'Forlogin@1')\n        self.page.button_login()\n>       assert self.page.err_message().is_displayed()\n\nsprint-1/Automata_tesztek/test_automated.py:25: \n_ _ _ _ _ _ _ _ _ _ _ _ _ _ _ _ _ _ _ _ _ _ _ _ _ _ _ _ _ _ _ _ _ _ _ _ _ _ _ _ \nsprint-1/Automata_tesztek/WebshopMainPage.py:113: in err_message\n    err_message = wait.until(EC.visibility_of_element_located((By.XPATH, '//mat-error')))\n_ _ _ _ _ _ _ _ _ _ _ _ _ _ _ _ _ _ _ _ _ _ _ _ _ _ _ _ _ _ _ _ _ _ _ _ _ _ _ _ \n\nself = <selenium.webdriver.support.wait.WebDriverWait (session=\"78f8a7eb6b5a641fffc9ef273a720ea6\")>\nmethod = <function visibility_of_element_located.<locals>._predicate at 0x7f36c9524ca0>\nmessage = ''\n\n    def until(self, method: Callable[[D], Union[Literal[False], T]], message: str = \"\") -> T:\n        \"\"\"Wait until the method returns a value that is not False.\n    \n        Calls the method provided with the driver as an argument until the\n        return value does not evaluate to ``False``.\n    \n        Parameters:\n        -----------\n        method: callable(WebDriver)\n            - A callable object that takes a WebDriver instance as an argument.\n    \n        message: str\n            - Optional message for :exc:`TimeoutException`\n    \n        Return:\n        -------\n        object: T\n            - The result of the last call to `method`\n    \n        Raises:\n        -------\n        TimeoutException\n            - If 'method' does not return a truthy value within the WebDriverWait\n            object's timeout\n    \n        Example:\n        --------\n        >>> from selenium.webdriver.common.by import By\n        >>> from selenium.webdriver.support.ui import WebDriverWait\n        >>> from selenium.webdriver.support import expected_conditions as EC\n    \n        # Wait until an element is visible on the page\n        >>> wait = WebDriverWait(driver, 10)\n        >>> element = wait.until(EC.visibility_of_element_located((By.ID, \"exampleId\")))\n        >>> print(element.text)\n        \"\"\"\n        screen = None\n        stacktrace = None\n    \n        end_time = time.monotonic() + self._timeout\n        while True:\n            try:\n                value = method(self._driver)\n                if value:\n                    return value\n            except self._ignored_exceptions as exc:\n                screen = getattr(exc, \"screen\", None)\n                stacktrace = getattr(exc, \"stacktrace\", None)\n            if time.monotonic() > end_time:\n                break\n            time.sleep(self._poll)\n>       raise TimeoutException(message, screen, stacktrace)\nE       selenium.common.exceptions.TimeoutException: Message: \nE       Stacktrace:\nE       #0 0x55f8ed2e2fba <unknown>\nE       #1 0x55f8ecd676d0 <unknown>\nE       #2 0x55f8ecdb92aa <unknown>\nE       #3 0x55f8ecdb9541 <unknown>\nE       #4 0x55f8ece076c4 <unknown>\nE       #5 0x55f8ecddee5d <unknown>\nE       #6 0x55f8ece04b54 <unknown>\nE       #7 0x55f8ecddec03 <unknown>\nE       #8 0x55f8ecdab7a8 <unknown>\nE       #9 0x55f8ecdac421 <unknown>\nE       #10 0x55f8ed2a7b28 <unknown>\nE       #11 0x55f8ed2ab87f <unknown>\nE       #12 0x55f8ed28fc49 <unknown>\nE       #13 0x55f8ed2ac405 <unknown>\nE       #14 0x55f8ed2754ff <unknown>\nE       #15 0x55f8ed2d0258 <unknown>\nE       #16 0x55f8ed2d0432 <unknown>\nE       #17 0x55f8ed2e1fa3 <unknown>\nE       #18 0x7f715809caa4 <unknown>\nE       #19 0x7f7158129c6c <unknown>\n\n/opt/hostedtoolcache/Python/3.10.18/x64/lib/python3.10/site-packages/selenium/webdriver/support/wait.py:138: TimeoutException","flaky":false,"newFailed":false,"newBroken":false,"newPassed":false,"retriesCount":0,"retriesStatusChange":false,"beforeStages":[{"name":"_xunit_setup_method_fixture_TestWebShop","time":{"start":1761395196841,"stop":1761395197722,"duration":881},"status":"passed","steps":[],"attachments":[],"parameters":[],"stepsCount":0,"shouldDisplayMessage":false,"attachmentsCount":0,"hasContent":false,"attachmentStep":false}],"testStage":{"status":"broken","statusMessage":"selenium.common.exceptions.TimeoutException: Message: \nStacktrace:\n#0 0x55f8ed2e2fba <unknown>\n#1 0x55f8ecd676d0 <unknown>\n#2 0x55f8ecdb92aa <unknown>\n#3 0x55f8ecdb9541 <unknown>\n#4 0x55f8ece076c4 <unknown>\n#5 0x55f8ecddee5d <unknown>\n#6 0x55f8ece04b54 <unknown>\n#7 0x55f8ecddec03 <unknown>\n#8 0x55f8ecdab7a8 <unknown>\n#9 0x55f8ecdac421 <unknown>\n#10 0x55f8ed2a7b28 <unknown>\n#11 0x55f8ed2ab87f <unknown>\n#12 0x55f8ed28fc49 <unknown>\n#13 0x55f8ed2ac405 <unknown>\n#14 0x55f8ed2754ff <unknown>\n#15 0x55f8ed2d0258 <unknown>\n#16 0x55f8ed2d0432 <unknown>\n#17 0x55f8ed2e1fa3 <unknown>\n#18 0x7f715809caa4 <unknown>\n#19 0x7f7158129c6c <unknown>","statusTrace":"self = <test_automated.TestWebShop object at 0x7f36c8f30400>\n\n    def test_login(self):\n        self.page.login_process('forlogin', 'Forlogin@1')\n        self.page.button_login()\n>       assert self.page.err_message().is_displayed()\n\nsprint-1/Automata_tesztek/test_automated.py:25: \n_ _ _ _ _ _ _ _ _ _ _ _ _ _ _ _ _ _ _ _ _ _ _ _ _ _ _ _ _ _ _ _ _ _ _ _ _ _ _ _ \nsprint-1/Automata_tesztek/WebshopMainPage.py:113: in err_message\n    err_message = wait.until(EC.visibility_of_element_located((By.XPATH, '//mat-error')))\n_ _ _ _ _ _ _ _ _ _ _ _ _ _ _ _ _ _ _ _ _ _ _ _ _ _ _ _ _ _ _ _ _ _ _ _ _ _ _ _ \n\nself = <selenium.webdriver.support.wait.WebDriverWait (session=\"78f8a7eb6b5a641fffc9ef273a720ea6\")>\nmethod = <function visibility_of_element_located.<locals>._predicate at 0x7f36c9524ca0>\nmessage = ''\n\n    def until(self, method: Callable[[D], Union[Literal[False], T]], message: str = \"\") -> T:\n        \"\"\"Wait until the method returns a value that is not False.\n    \n        Calls the method provided with the driver as an argument until the\n        return value does not evaluate to ``False``.\n    \n        Parameters:\n        -----------\n        method: callable(WebDriver)\n            - A callable object that takes a WebDriver instance as an argument.\n    \n        message: str\n            - Optional message for :exc:`TimeoutException`\n    \n        Return:\n        -------\n        object: T\n            - The result of the last call to `method`\n    \n        Raises:\n        -------\n        TimeoutException\n            - If 'method' does not return a truthy value within the WebDriverWait\n            object's timeout\n    \n        Example:\n        --------\n        >>> from selenium.webdriver.common.by import By\n        >>> from selenium.webdriver.support.ui import WebDriverWait\n        >>> from selenium.webdriver.support import expected_conditions as EC\n    \n        # Wait until an element is visible on the page\n        >>> wait = WebDriverWait(driver, 10)\n        >>> element = wait.until(EC.visibility_of_element_located((By.ID, \"exampleId\")))\n        >>> print(element.text)\n        \"\"\"\n        screen = None\n        stacktrace = None\n    \n        end_time = time.monotonic() + self._timeout\n        while True:\n            try:\n                value = method(self._driver)\n                if value:\n                    return value\n            except self._ignored_exceptions as exc:\n                screen = getattr(exc, \"screen\", None)\n                stacktrace = getattr(exc, \"stacktrace\", None)\n            if time.monotonic() > end_time:\n                break\n            time.sleep(self._poll)\n>       raise TimeoutException(message, screen, stacktrace)\nE       selenium.common.exceptions.TimeoutException: Message: \nE       Stacktrace:\nE       #0 0x55f8ed2e2fba <unknown>\nE       #1 0x55f8ecd676d0 <unknown>\nE       #2 0x55f8ecdb92aa <unknown>\nE       #3 0x55f8ecdb9541 <unknown>\nE       #4 0x55f8ece076c4 <unknown>\nE       #5 0x55f8ecddee5d <unknown>\nE       #6 0x55f8ece04b54 <unknown>\nE       #7 0x55f8ecddec03 <unknown>\nE       #8 0x55f8ecdab7a8 <unknown>\nE       #9 0x55f8ecdac421 <unknown>\nE       #10 0x55f8ed2a7b28 <unknown>\nE       #11 0x55f8ed2ab87f <unknown>\nE       #12 0x55f8ed28fc49 <unknown>\nE       #13 0x55f8ed2ac405 <unknown>\nE       #14 0x55f8ed2754ff <unknown>\nE       #15 0x55f8ed2d0258 <unknown>\nE       #16 0x55f8ed2d0432 <unknown>\nE       #17 0x55f8ed2e1fa3 <unknown>\nE       #18 0x7f715809caa4 <unknown>\nE       #19 0x7f7158129c6c <unknown>\n\n/opt/hostedtoolcache/Python/3.10.18/x64/lib/python3.10/site-packages/selenium/webdriver/support/wait.py:138: TimeoutException","steps":[],"attachments":[{"uid":"7c60e3f85de35f27","name":"stdout","source":"7c60e3f85de35f27.txt","type":"text/plain","size":69}],"parameters":[],"stepsCount":0,"shouldDisplayMessage":true,"attachmentsCount":1,"hasContent":true,"attachmentStep":false},"afterStages":[{"name":"_xunit_setup_method_fixture_TestWebShop::0","time":{"start":1761395319463,"stop":1761395319551,"duration":88},"status":"passed","steps":[],"attachments":[],"parameters":[],"stepsCount":0,"shouldDisplayMessage":false,"attachmentsCount":0,"hasContent":false,"attachmentStep":false}],"labels":[{"name":"parentSuite","value":"sprint-1.Automata_tesztek"},{"name":"suite","value":"test_automated"},{"name":"subSuite","value":"TestWebShop"},{"name":"host","value":"runnervmwhb2z"},{"name":"thread","value":"3508-MainThread"},{"name":"framework","value":"pytest"},{"name":"language","value":"cpython3"},{"name":"package","value":"sprint-1.Automata_tesztek.test_automated"},{"name":"resultFormat","value":"allure2"}],"parameters":[],"links":[],"hidden":false,"retry":false,"extra":{"severity":"normal","retries":[],"categories":[{"name":"Test defects","matchedStatuses":[],"flaky":false}],"tags":[]},"source":"5a18f7519e11a83c.json","parameterValues":[]}