{"uid":"14bc369b090e2ef2","name":"test_login","fullName":"sprint-1.Automata_tesztek.test_pricecheck.TestWebShop#test_login","historyId":"34abd8a4f0ca7d98a81541b5c84b439a","time":{"start":1761116758348,"stop":1761116780093,"duration":21745},"status":"broken","statusMessage":"selenium.common.exceptions.TimeoutException: Message: \nStacktrace:\n#0 0x5627fb6f0fba <unknown>\n#1 0x5627fb1756d0 <unknown>\n#2 0x5627fb1c72aa <unknown>\n#3 0x5627fb1c7541 <unknown>\n#4 0x5627fb2156c4 <unknown>\n#5 0x5627fb1ece5d <unknown>\n#6 0x5627fb212b54 <unknown>\n#7 0x5627fb1ecc03 <unknown>\n#8 0x5627fb1b97a8 <unknown>\n#9 0x5627fb1ba421 <unknown>\n#10 0x5627fb6b5b28 <unknown>\n#11 0x5627fb6b987f <unknown>\n#12 0x5627fb69dc49 <unknown>\n#13 0x5627fb6ba405 <unknown>\n#14 0x5627fb6834ff <unknown>\n#15 0x5627fb6de258 <unknown>\n#16 0x5627fb6de432 <unknown>\n#17 0x5627fb6effa3 <unknown>\n#18 0x7f15b8a9caa4 <unknown>\n#19 0x7f15b8b29c6c <unknown>","statusTrace":"self = <test_pricecheck.TestWebShop object at 0x7fd80b740370>\n\n    def test_login(self):\n        self.page.login_process('forlogin', 'Forlogin@1')\n        self.page.button_login()\n>       self.page.logout()\n\nsprint-1/Automata_tesztek/test_pricecheck.py:25: \n_ _ _ _ _ _ _ _ _ _ _ _ _ _ _ _ _ _ _ _ _ _ _ _ _ _ _ _ _ _ _ _ _ _ _ _ _ _ _ _ \nsprint-1/Automata_tesztek/WebshopMainPage.py:67: in logout\n    button_logout = wait.until(EC.element_to_be_clickable((By.ID, 'button_logOut')))\n_ _ _ _ _ _ _ _ _ _ _ _ _ _ _ _ _ _ _ _ _ _ _ _ _ _ _ _ _ _ _ _ _ _ _ _ _ _ _ _ \n\nself = <selenium.webdriver.support.wait.WebDriverWait (session=\"3685183ffc6a24379febd8292de1b451\")>\nmethod = <function element_to_be_clickable.<locals>._predicate at 0x7fd80b5e5fc0>\nmessage = ''\n\n    def until(self, method: Callable[[D], Union[Literal[False], T]], message: str = \"\") -> T:\n        \"\"\"Wait until the method returns a value that is not False.\n    \n        Calls the method provided with the driver as an argument until the\n        return value does not evaluate to ``False``.\n    \n        Parameters:\n        -----------\n        method: callable(WebDriver)\n            - A callable object that takes a WebDriver instance as an argument.\n    \n        message: str\n            - Optional message for :exc:`TimeoutException`\n    \n        Return:\n        -------\n        object: T\n            - The result of the last call to `method`\n    \n        Raises:\n        -------\n        TimeoutException\n            - If 'method' does not return a truthy value within the WebDriverWait\n            object's timeout\n    \n        Example:\n        --------\n        >>> from selenium.webdriver.common.by import By\n        >>> from selenium.webdriver.support.ui import WebDriverWait\n        >>> from selenium.webdriver.support import expected_conditions as EC\n    \n        # Wait until an element is visible on the page\n        >>> wait = WebDriverWait(driver, 10)\n        >>> element = wait.until(EC.visibility_of_element_located((By.ID, \"exampleId\")))\n        >>> print(element.text)\n        \"\"\"\n        screen = None\n        stacktrace = None\n    \n        end_time = time.monotonic() + self._timeout\n        while True:\n            try:\n                value = method(self._driver)\n                if value:\n                    return value\n            except self._ignored_exceptions as exc:\n                screen = getattr(exc, \"screen\", None)\n                stacktrace = getattr(exc, \"stacktrace\", None)\n            if time.monotonic() > end_time:\n                break\n            time.sleep(self._poll)\n>       raise TimeoutException(message, screen, stacktrace)\nE       selenium.common.exceptions.TimeoutException: Message: \nE       Stacktrace:\nE       #0 0x5627fb6f0fba <unknown>\nE       #1 0x5627fb1756d0 <unknown>\nE       #2 0x5627fb1c72aa <unknown>\nE       #3 0x5627fb1c7541 <unknown>\nE       #4 0x5627fb2156c4 <unknown>\nE       #5 0x5627fb1ece5d <unknown>\nE       #6 0x5627fb212b54 <unknown>\nE       #7 0x5627fb1ecc03 <unknown>\nE       #8 0x5627fb1b97a8 <unknown>\nE       #9 0x5627fb1ba421 <unknown>\nE       #10 0x5627fb6b5b28 <unknown>\nE       #11 0x5627fb6b987f <unknown>\nE       #12 0x5627fb69dc49 <unknown>\nE       #13 0x5627fb6ba405 <unknown>\nE       #14 0x5627fb6834ff <unknown>\nE       #15 0x5627fb6de258 <unknown>\nE       #16 0x5627fb6de432 <unknown>\nE       #17 0x5627fb6effa3 <unknown>\nE       #18 0x7f15b8a9caa4 <unknown>\nE       #19 0x7f15b8b29c6c <unknown>\n\n/opt/hostedtoolcache/Python/3.10.18/x64/lib/python3.10/site-packages/selenium/webdriver/support/wait.py:138: TimeoutException","flaky":false,"newFailed":false,"newBroken":false,"newPassed":false,"retriesCount":0,"retriesStatusChange":false,"beforeStages":[{"name":"_xunit_setup_method_fixture_TestWebShop","time":{"start":1761116757641,"stop":1761116758347,"duration":706},"status":"passed","steps":[],"attachments":[],"parameters":[],"stepsCount":0,"shouldDisplayMessage":false,"attachmentsCount":0,"hasContent":false,"attachmentStep":false}],"afterStages":[{"name":"_xunit_setup_method_fixture_TestWebShop::0","time":{"start":1761116780099,"stop":1761116780163,"duration":64},"status":"passed","steps":[],"attachments":[],"parameters":[],"stepsCount":0,"shouldDisplayMessage":false,"attachmentsCount":0,"hasContent":false,"attachmentStep":false}],"labels":[{"name":"parentSuite","value":"sprint-1.Automata_tesztek"},{"name":"suite","value":"test_pricecheck"},{"name":"subSuite","value":"TestWebShop"},{"name":"host","value":"runnervmwhb2z"},{"name":"thread","value":"3420-MainThread"},{"name":"framework","value":"pytest"},{"name":"language","value":"cpython3"},{"name":"package","value":"sprint-1.Automata_tesztek.test_pricecheck"},{"name":"resultFormat","value":"allure2"}],"parameters":[],"links":[],"hidden":false,"retry":false,"extra":{"severity":"normal","retries":[],"categories":[{"name":"Test defects","matchedStatuses":[],"flaky":false}],"tags":[]},"source":"14bc369b090e2ef2.json","parameterValues":[]}