{"uid":"3037dcdf289194a","name":"test_login","fullName":"sprint-1.Automata_tesztek.test_automated.TestWebShop#test_login","historyId":"ac42064e75df168080abc4f31800e340","time":{"start":1761393240449,"stop":1761393362137,"duration":121688},"status":"broken","statusMessage":"selenium.common.exceptions.TimeoutException: Message: \nStacktrace:\n#0 0x556c8eab0fba <unknown>\n#1 0x556c8e5356d0 <unknown>\n#2 0x556c8e5872aa <unknown>\n#3 0x556c8e587541 <unknown>\n#4 0x556c8e5d56c4 <unknown>\n#5 0x556c8e5ace5d <unknown>\n#6 0x556c8e5d2b54 <unknown>\n#7 0x556c8e5acc03 <unknown>\n#8 0x556c8e5797a8 <unknown>\n#9 0x556c8e57a421 <unknown>\n#10 0x556c8ea75b28 <unknown>\n#11 0x556c8ea7987f <unknown>\n#12 0x556c8ea5dc49 <unknown>\n#13 0x556c8ea7a405 <unknown>\n#14 0x556c8ea434ff <unknown>\n#15 0x556c8ea9e258 <unknown>\n#16 0x556c8ea9e432 <unknown>\n#17 0x556c8eaaffa3 <unknown>\n#18 0x7f774ea9caa4 <unknown>\n#19 0x7f774eb29c6c <unknown>","statusTrace":"self = <test_automated.TestWebShop object at 0x7f15ef6f4370>\n\n    def test_login(self):\n        self.page.login_process('forlogin', 'Forlogin@1')\n        self.page.button_login()\n        # assert self.page.err_message().is_displayed()\n>       self.page.logout()\n\nsprint-1/Automata_tesztek/test_automated.py:26: \n_ _ _ _ _ _ _ _ _ _ _ _ _ _ _ _ _ _ _ _ _ _ _ _ _ _ _ _ _ _ _ _ _ _ _ _ _ _ _ _ \nsprint-1/Automata_tesztek/WebshopMainPage.py:84: in logout\n    button_logout = wait.until(EC.element_to_be_clickable((By.ID, 'button_logOut')))\n_ _ _ _ _ _ _ _ _ _ _ _ _ _ _ _ _ _ _ _ _ _ _ _ _ _ _ _ _ _ _ _ _ _ _ _ _ _ _ _ \n\nself = <selenium.webdriver.support.wait.WebDriverWait (session=\"62c02a4e8ac812252b51acd101f540a5\")>\nmethod = <function element_to_be_clickable.<locals>._predicate at 0x7f15f0238ca0>\nmessage = ''\n\n    def until(self, method: Callable[[D], Union[Literal[False], T]], message: str = \"\") -> T:\n        \"\"\"Wait until the method returns a value that is not False.\n    \n        Calls the method provided with the driver as an argument until the\n        return value does not evaluate to ``False``.\n    \n        Parameters:\n        -----------\n        method: callable(WebDriver)\n            - A callable object that takes a WebDriver instance as an argument.\n    \n        message: str\n            - Optional message for :exc:`TimeoutException`\n    \n        Return:\n        -------\n        object: T\n            - The result of the last call to `method`\n    \n        Raises:\n        -------\n        TimeoutException\n            - If 'method' does not return a truthy value within the WebDriverWait\n            object's timeout\n    \n        Example:\n        --------\n        >>> from selenium.webdriver.common.by import By\n        >>> from selenium.webdriver.support.ui import WebDriverWait\n        >>> from selenium.webdriver.support import expected_conditions as EC\n    \n        # Wait until an element is visible on the page\n        >>> wait = WebDriverWait(driver, 10)\n        >>> element = wait.until(EC.visibility_of_element_located((By.ID, \"exampleId\")))\n        >>> print(element.text)\n        \"\"\"\n        screen = None\n        stacktrace = None\n    \n        end_time = time.monotonic() + self._timeout\n        while True:\n            try:\n                value = method(self._driver)\n                if value:\n                    return value\n            except self._ignored_exceptions as exc:\n                screen = getattr(exc, \"screen\", None)\n                stacktrace = getattr(exc, \"stacktrace\", None)\n            if time.monotonic() > end_time:\n                break\n            time.sleep(self._poll)\n>       raise TimeoutException(message, screen, stacktrace)\nE       selenium.common.exceptions.TimeoutException: Message: \nE       Stacktrace:\nE       #0 0x556c8eab0fba <unknown>\nE       #1 0x556c8e5356d0 <unknown>\nE       #2 0x556c8e5872aa <unknown>\nE       #3 0x556c8e587541 <unknown>\nE       #4 0x556c8e5d56c4 <unknown>\nE       #5 0x556c8e5ace5d <unknown>\nE       #6 0x556c8e5d2b54 <unknown>\nE       #7 0x556c8e5acc03 <unknown>\nE       #8 0x556c8e5797a8 <unknown>\nE       #9 0x556c8e57a421 <unknown>\nE       #10 0x556c8ea75b28 <unknown>\nE       #11 0x556c8ea7987f <unknown>\nE       #12 0x556c8ea5dc49 <unknown>\nE       #13 0x556c8ea7a405 <unknown>\nE       #14 0x556c8ea434ff <unknown>\nE       #15 0x556c8ea9e258 <unknown>\nE       #16 0x556c8ea9e432 <unknown>\nE       #17 0x556c8eaaffa3 <unknown>\nE       #18 0x7f774ea9caa4 <unknown>\nE       #19 0x7f774eb29c6c <unknown>\n\n/opt/hostedtoolcache/Python/3.10.18/x64/lib/python3.10/site-packages/selenium/webdriver/support/wait.py:138: TimeoutException","flaky":false,"newFailed":false,"newBroken":false,"newPassed":false,"retriesCount":0,"retriesStatusChange":false,"beforeStages":[{"name":"_xunit_setup_method_fixture_TestWebShop","time":{"start":1761393239702,"stop":1761393240448,"duration":746},"status":"passed","steps":[],"attachments":[],"parameters":[],"stepsCount":0,"shouldDisplayMessage":false,"attachmentsCount":0,"hasContent":false,"attachmentStep":false}],"testStage":{"status":"broken","statusMessage":"selenium.common.exceptions.TimeoutException: Message: \nStacktrace:\n#0 0x556c8eab0fba <unknown>\n#1 0x556c8e5356d0 <unknown>\n#2 0x556c8e5872aa <unknown>\n#3 0x556c8e587541 <unknown>\n#4 0x556c8e5d56c4 <unknown>\n#5 0x556c8e5ace5d <unknown>\n#6 0x556c8e5d2b54 <unknown>\n#7 0x556c8e5acc03 <unknown>\n#8 0x556c8e5797a8 <unknown>\n#9 0x556c8e57a421 <unknown>\n#10 0x556c8ea75b28 <unknown>\n#11 0x556c8ea7987f <unknown>\n#12 0x556c8ea5dc49 <unknown>\n#13 0x556c8ea7a405 <unknown>\n#14 0x556c8ea434ff <unknown>\n#15 0x556c8ea9e258 <unknown>\n#16 0x556c8ea9e432 <unknown>\n#17 0x556c8eaaffa3 <unknown>\n#18 0x7f774ea9caa4 <unknown>\n#19 0x7f774eb29c6c <unknown>","statusTrace":"self = <test_automated.TestWebShop object at 0x7f15ef6f4370>\n\n    def test_login(self):\n        self.page.login_process('forlogin', 'Forlogin@1')\n        self.page.button_login()\n        # assert self.page.err_message().is_displayed()\n>       self.page.logout()\n\nsprint-1/Automata_tesztek/test_automated.py:26: \n_ _ _ _ _ _ _ _ _ _ _ _ _ _ _ _ _ _ _ _ _ _ _ _ _ _ _ _ _ _ _ _ _ _ _ _ _ _ _ _ \nsprint-1/Automata_tesztek/WebshopMainPage.py:84: in logout\n    button_logout = wait.until(EC.element_to_be_clickable((By.ID, 'button_logOut')))\n_ _ _ _ _ _ _ _ _ _ _ _ _ _ _ _ _ _ _ _ _ _ _ _ _ _ _ _ _ _ _ _ _ _ _ _ _ _ _ _ \n\nself = <selenium.webdriver.support.wait.WebDriverWait (session=\"62c02a4e8ac812252b51acd101f540a5\")>\nmethod = <function element_to_be_clickable.<locals>._predicate at 0x7f15f0238ca0>\nmessage = ''\n\n    def until(self, method: Callable[[D], Union[Literal[False], T]], message: str = \"\") -> T:\n        \"\"\"Wait until the method returns a value that is not False.\n    \n        Calls the method provided with the driver as an argument until the\n        return value does not evaluate to ``False``.\n    \n        Parameters:\n        -----------\n        method: callable(WebDriver)\n            - A callable object that takes a WebDriver instance as an argument.\n    \n        message: str\n            - Optional message for :exc:`TimeoutException`\n    \n        Return:\n        -------\n        object: T\n            - The result of the last call to `method`\n    \n        Raises:\n        -------\n        TimeoutException\n            - If 'method' does not return a truthy value within the WebDriverWait\n            object's timeout\n    \n        Example:\n        --------\n        >>> from selenium.webdriver.common.by import By\n        >>> from selenium.webdriver.support.ui import WebDriverWait\n        >>> from selenium.webdriver.support import expected_conditions as EC\n    \n        # Wait until an element is visible on the page\n        >>> wait = WebDriverWait(driver, 10)\n        >>> element = wait.until(EC.visibility_of_element_located((By.ID, \"exampleId\")))\n        >>> print(element.text)\n        \"\"\"\n        screen = None\n        stacktrace = None\n    \n        end_time = time.monotonic() + self._timeout\n        while True:\n            try:\n                value = method(self._driver)\n                if value:\n                    return value\n            except self._ignored_exceptions as exc:\n                screen = getattr(exc, \"screen\", None)\n                stacktrace = getattr(exc, \"stacktrace\", None)\n            if time.monotonic() > end_time:\n                break\n            time.sleep(self._poll)\n>       raise TimeoutException(message, screen, stacktrace)\nE       selenium.common.exceptions.TimeoutException: Message: \nE       Stacktrace:\nE       #0 0x556c8eab0fba <unknown>\nE       #1 0x556c8e5356d0 <unknown>\nE       #2 0x556c8e5872aa <unknown>\nE       #3 0x556c8e587541 <unknown>\nE       #4 0x556c8e5d56c4 <unknown>\nE       #5 0x556c8e5ace5d <unknown>\nE       #6 0x556c8e5d2b54 <unknown>\nE       #7 0x556c8e5acc03 <unknown>\nE       #8 0x556c8e5797a8 <unknown>\nE       #9 0x556c8e57a421 <unknown>\nE       #10 0x556c8ea75b28 <unknown>\nE       #11 0x556c8ea7987f <unknown>\nE       #12 0x556c8ea5dc49 <unknown>\nE       #13 0x556c8ea7a405 <unknown>\nE       #14 0x556c8ea434ff <unknown>\nE       #15 0x556c8ea9e258 <unknown>\nE       #16 0x556c8ea9e432 <unknown>\nE       #17 0x556c8eaaffa3 <unknown>\nE       #18 0x7f774ea9caa4 <unknown>\nE       #19 0x7f774eb29c6c <unknown>\n\n/opt/hostedtoolcache/Python/3.10.18/x64/lib/python3.10/site-packages/selenium/webdriver/support/wait.py:138: TimeoutException","steps":[],"attachments":[{"uid":"ec8ae5f1d436376d","name":"stdout","source":"ec8ae5f1d436376d.txt","type":"text/plain","size":69}],"parameters":[],"stepsCount":0,"shouldDisplayMessage":true,"attachmentsCount":1,"hasContent":true,"attachmentStep":false},"afterStages":[{"name":"_xunit_setup_method_fixture_TestWebShop::0","time":{"start":1761393362166,"stop":1761393362237,"duration":71},"status":"passed","steps":[],"attachments":[],"parameters":[],"stepsCount":0,"shouldDisplayMessage":false,"attachmentsCount":0,"hasContent":false,"attachmentStep":false}],"labels":[{"name":"parentSuite","value":"sprint-1.Automata_tesztek"},{"name":"suite","value":"test_automated"},{"name":"subSuite","value":"TestWebShop"},{"name":"host","value":"runnervmwhb2z"},{"name":"thread","value":"3476-MainThread"},{"name":"framework","value":"pytest"},{"name":"language","value":"cpython3"},{"name":"package","value":"sprint-1.Automata_tesztek.test_automated"},{"name":"resultFormat","value":"allure2"}],"parameters":[],"links":[],"hidden":false,"retry":false,"extra":{"severity":"normal","retries":[],"categories":[{"name":"Test defects","matchedStatuses":[],"flaky":false}],"tags":[]},"source":"3037dcdf289194a.json","parameterValues":[]}