{"uid":"9beb7b575fe2b106","name":"test_login","fullName":"sprint-1.Automata_tesztek.test_pricecheck.TestWebShop#test_login","historyId":"34abd8a4f0ca7d98a81541b5c84b439a","time":{"start":1761086461239,"stop":1761086467572,"duration":6333},"status":"broken","statusMessage":"selenium.common.exceptions.TimeoutException: Message: \nStacktrace:\n#0 0x558346043fba <unknown>\n#1 0x558345ac86d0 <unknown>\n#2 0x558345b1a2aa <unknown>\n#3 0x558345b1a541 <unknown>\n#4 0x558345b686c4 <unknown>\n#5 0x558345b3fe5d <unknown>\n#6 0x558345b65b54 <unknown>\n#7 0x558345b3fc03 <unknown>\n#8 0x558345b0c7a8 <unknown>\n#9 0x558345b0d421 <unknown>\n#10 0x558346008b28 <unknown>\n#11 0x55834600c87f <unknown>\n#12 0x558345ff0c49 <unknown>\n#13 0x55834600d405 <unknown>\n#14 0x558345fd64ff <unknown>\n#15 0x558346031258 <unknown>\n#16 0x558346031432 <unknown>\n#17 0x558346042fa3 <unknown>\n#18 0x7fb3bd29caa4 <unknown>\n#19 0x7fb3bd329c6c <unknown>","statusTrace":"self = <test_pricecheck.TestWebShop object at 0x7fb123686440>\n\n    def test_login(self):\n        self.page.login_process('forlogin', 'Forlogin@1')\n        self.page.button_login()\n>       self.page.logout()\n\nsprint-1/Automata_tesztek/test_pricecheck.py:26: \n_ _ _ _ _ _ _ _ _ _ _ _ _ _ _ _ _ _ _ _ _ _ _ _ _ _ _ _ _ _ _ _ _ _ _ _ _ _ _ _ \nsprint-1/Automata_tesztek/WebshopMainPage.py:62: in logout\n    button_logout = wait.until(EC.element_to_be_clickable((By.ID, 'button_logOut')))\n_ _ _ _ _ _ _ _ _ _ _ _ _ _ _ _ _ _ _ _ _ _ _ _ _ _ _ _ _ _ _ _ _ _ _ _ _ _ _ _ \n\nself = <selenium.webdriver.support.wait.WebDriverWait (session=\"8191850fe8327e2fcb38f6000eee044b\")>\nmethod = <function element_to_be_clickable.<locals>._predicate at 0x7fb123529ea0>\nmessage = ''\n\n    def until(self, method: Callable[[D], Union[Literal[False], T]], message: str = \"\") -> T:\n        \"\"\"Wait until the method returns a value that is not False.\n    \n        Calls the method provided with the driver as an argument until the\n        return value does not evaluate to ``False``.\n    \n        Parameters:\n        -----------\n        method: callable(WebDriver)\n            - A callable object that takes a WebDriver instance as an argument.\n    \n        message: str\n            - Optional message for :exc:`TimeoutException`\n    \n        Return:\n        -------\n        object: T\n            - The result of the last call to `method`\n    \n        Raises:\n        -------\n        TimeoutException\n            - If 'method' does not return a truthy value within the WebDriverWait\n            object's timeout\n    \n        Example:\n        --------\n        >>> from selenium.webdriver.common.by import By\n        >>> from selenium.webdriver.support.ui import WebDriverWait\n        >>> from selenium.webdriver.support import expected_conditions as EC\n    \n        # Wait until an element is visible on the page\n        >>> wait = WebDriverWait(driver, 10)\n        >>> element = wait.until(EC.visibility_of_element_located((By.ID, \"exampleId\")))\n        >>> print(element.text)\n        \"\"\"\n        screen = None\n        stacktrace = None\n    \n        end_time = time.monotonic() + self._timeout\n        while True:\n            try:\n                value = method(self._driver)\n                if value:\n                    return value\n            except self._ignored_exceptions as exc:\n                screen = getattr(exc, \"screen\", None)\n                stacktrace = getattr(exc, \"stacktrace\", None)\n            if time.monotonic() > end_time:\n                break\n            time.sleep(self._poll)\n>       raise TimeoutException(message, screen, stacktrace)\nE       selenium.common.exceptions.TimeoutException: Message: \nE       Stacktrace:\nE       #0 0x558346043fba <unknown>\nE       #1 0x558345ac86d0 <unknown>\nE       #2 0x558345b1a2aa <unknown>\nE       #3 0x558345b1a541 <unknown>\nE       #4 0x558345b686c4 <unknown>\nE       #5 0x558345b3fe5d <unknown>\nE       #6 0x558345b65b54 <unknown>\nE       #7 0x558345b3fc03 <unknown>\nE       #8 0x558345b0c7a8 <unknown>\nE       #9 0x558345b0d421 <unknown>\nE       #10 0x558346008b28 <unknown>\nE       #11 0x55834600c87f <unknown>\nE       #12 0x558345ff0c49 <unknown>\nE       #13 0x55834600d405 <unknown>\nE       #14 0x558345fd64ff <unknown>\nE       #15 0x558346031258 <unknown>\nE       #16 0x558346031432 <unknown>\nE       #17 0x558346042fa3 <unknown>\nE       #18 0x7fb3bd29caa4 <unknown>\nE       #19 0x7fb3bd329c6c <unknown>\n\n/opt/hostedtoolcache/Python/3.10.18/x64/lib/python3.10/site-packages/selenium/webdriver/support/wait.py:138: TimeoutException","flaky":false,"newFailed":false,"newBroken":false,"newPassed":false,"retriesCount":0,"retriesStatusChange":false,"beforeStages":[{"name":"_xunit_setup_method_fixture_TestWebShop","time":{"start":1761086460440,"stop":1761086461238,"duration":798},"status":"passed","steps":[],"attachments":[],"parameters":[],"stepsCount":0,"shouldDisplayMessage":false,"attachmentsCount":0,"hasContent":false,"attachmentStep":false}],"afterStages":[{"name":"_xunit_setup_method_fixture_TestWebShop::0","time":{"start":1761086467578,"stop":1761086467638,"duration":60},"status":"passed","steps":[],"attachments":[],"parameters":[],"stepsCount":0,"shouldDisplayMessage":false,"attachmentsCount":0,"hasContent":false,"attachmentStep":false}],"labels":[{"name":"parentSuite","value":"sprint-1.Automata_tesztek"},{"name":"suite","value":"test_pricecheck"},{"name":"subSuite","value":"TestWebShop"},{"name":"host","value":"runnervmwhb2z"},{"name":"thread","value":"3547-MainThread"},{"name":"framework","value":"pytest"},{"name":"language","value":"cpython3"},{"name":"package","value":"sprint-1.Automata_tesztek.test_pricecheck"},{"name":"resultFormat","value":"allure2"}],"parameters":[],"links":[],"hidden":false,"retry":false,"extra":{"severity":"normal","retries":[],"categories":[{"name":"Test defects","matchedStatuses":[],"flaky":false}],"tags":[]},"source":"9beb7b575fe2b106.json","parameterValues":[]}